<?xml version="1.0" encoding="UTF-8"?>
<!-- Generated by org.testng.reporters.JUnitReportReporter -->
<testsuite skipped="0" hostname="AHB-LAP" name="com.selenium.practice.ActitimeAutomation.LoginTest" tests="2" failures="0" timestamp="29 Jan 2019 15:59:49 GMT" time="23.640" errors="0">
  <testcase name="validateViewtimeTrack" time="10.437" classname="com.selenium.practice.ActitimeAutomation.LoginTest"/>
  <testcase name="loginTest" time="13.203" classname="com.selenium.practice.ActitimeAutomation.LoginTest"/>
</testsuite> <!-- com.selenium.practice.ActitimeAutomation.LoginTest -->
