<?xml version="1.0" encoding="UTF-8"?>
<!-- Generated by org.testng.reporters.JUnitReportReporter -->
<testsuite skipped="0" hostname="AHB-LAP" name="com.selenium.practice.ActitimeAutomation.AppTest" tests="1" failures="0" timestamp="29 Jan 2019 15:59:49 GMT" time="0.002" errors="0">
  <testcase name="testApp" time="0.002" classname="com.selenium.practice.ActitimeAutomation.AppTest"/>
</testsuite> <!-- com.selenium.practice.ActitimeAutomation.AppTest -->
